  FriendStatuses.cpp
D:\practice\todo-list-app\backend\WSA_loader.h(12,3): warning C4091: static : пропускается слева от "WSA_loader", когда ни одна переменная не объявлена
  Friendships.cpp
D:\practice\todo-list-app\backend\WSA_loader.h(12,3): warning C4091: static : пропускается слева от "WSA_loader", когда ни одна переменная не объявлена
  Server.cpp
D:\practice\todo-list-app\backend\WSA_loader.h(12,3): warning C4091: static : пропускается слева от "WSA_loader", когда ни одна переменная не объявлена
D:\practice\todo-list-app\backend\CRUD.h(27,2): warning C4091: static : пропускается слева от "CRUD", когда ни одна переменная не объявлена
  TaskCategories.cpp
D:\practice\todo-list-app\backend\WSA_loader.h(12,3): warning C4091: static : пропускается слева от "WSA_loader", когда ни одна переменная не объявлена
  TaskStatuses.cpp
D:\practice\todo-list-app\backend\WSA_loader.h(12,3): warning C4091: static : пропускается слева от "WSA_loader", когда ни одна переменная не объявлена
  Tasks.cpp
D:\practice\todo-list-app\backend\WSA_loader.h(12,3): warning C4091: static : пропускается слева от "WSA_loader", когда ни одна переменная не объявлена
  Users.cpp
D:\practice\todo-list-app\backend\WSA_loader.h(12,3): warning C4091: static : пропускается слева от "WSA_loader", когда ни одна переменная не объявлена
  WSA_loader.cpp
D:\practice\todo-list-app\backend\WSA_loader.h(12,3): warning C4091: static : пропускается слева от "WSA_loader", когда ни одна переменная не объявлена
  backend.cpp
D:\practice\todo-list-app\backend\WSA_loader.h(12,3): warning C4091: static : пропускается слева от "WSA_loader", когда ни одна переменная не объявлена
D:\practice\todo-list-app\backend\CRUD.h(27,2): warning C4091: static : пропускается слева от "CRUD", когда ни одна переменная не объявлена
  clientSocket.cpp
  serverSocket.cpp
  Создание кода...
  backend.vcxproj -> D:\practice\todo-list-app\Debug\backend.exe
